[2026-05-30T14:08:32.593Z] [LOG] [LUMA SOCKET] Запуск нативного WebSocket транспорта...
[2026-05-30T14:08:32.593Z] [LOG] [LUMA WS] Открытие WebSocket канала: ws://localhost:5000/socket.io/?EIO=4&transport=websocket
[2026-05-30T14:08:32.591Z] [LOG] [Luma DB] Локальная база IndexedDB успешно инициализирована.
[2026-05-30T14:08:32.591Z] [LOG] [LUMA ENGINE] Запуск главного конвейера инициализации...
[2026-05-30T14:08:32.594Z] [WARN] [LUMA FLOW] Активный чат не выбран. Режим прослушивания фонового сокет-потока.
[2026-05-30T14:08:32.987Z] [LOG] [LUMA SOCKET] Протокол полностью согласован. Активация передачи данных.
[2026-05-30T14:08:32.987Z] [LOG] [LUMA SOCKET] Нативный WebSocket-канал успешно open.
[2026-05-30T14:16:12.196Z] [LOG] [Luma DB] Локальная база IndexedDB успешно инициализирована.
[2026-05-30T14:16:12.198Z] [LOG] [LUMA ENGINE] Запуск главного конвейера инициализации...
[2026-05-30T14:16:12.201Z] [LOG] [LUMA SOCKET] Запуск нативного WebSocket транспорта...
[2026-05-30T14:16:12.201Z] [LOG] [LUMA WS] Открытие WebSocket канала: ws://localhost:5000/socket.io/?EIO=4&transport=websocket
[2026-05-30T14:16:12.208Z] [WARN] [LUMA FLOW] Активный чат не выбран. Режим прослушивания фонового сокет-потока.
[2026-05-30T14:16:12.576Z] [LOG] [LUMA SOCKET] Протокол полностью согласован. Активация передачи данных.
[2026-05-30T14:16:12.576Z] [LOG] [LUMA SOCKET] Нативный WebSocket-канал успешно open.
[2026-05-30T14:17:39.555Z] [WARN] [LUMA FLOW] Активный чат не выбран. Режим прослушивания фонового сокет-потока.
[2026-05-30T14:17:39.552Z] [LOG] [Luma DB] Локальная база IndexedDB успешно инициализирована.
[2026-05-30T14:17:39.552Z] [LOG] [LUMA ENGINE] Запуск главного конвейера инициализации...
[2026-05-30T14:17:39.553Z] [LOG] [LUMA SOCKET] Запуск нативного WebSocket транспорта...
[2026-05-30T14:17:39.554Z] [LOG] [LUMA WS] Открытие WebSocket канала: ws://localhost:5000/socket.io/?EIO=4&transport=websocket
[2026-05-30T14:17:39.921Z] [LOG] [LUMA SOCKET] Протокол полностью согласован. Активация передачи данных.
[2026-05-30T14:17:39.922Z] [LOG] [LUMA SOCKET] Нативный WebSocket-канал успешно open.
[2026-05-30T14:17:41.749Z] [LOG] [Luma DB] Локальная база IndexedDB успешно инициализирована.
[2026-05-30T14:17:41.749Z] [LOG] [LUMA ENGINE] Запуск главного конвейера инициализации...
[2026-05-30T14:17:41.751Z] [LOG] [LUMA SOCKET] Запуск нативного WebSocket транспорта...
[2026-05-30T14:17:41.751Z] [LOG] [LUMA WS] Открытие WebSocket канала: ws://localhost:5000/socket.io/?EIO=4&transport=websocket
[2026-05-30T14:17:41.753Z] [WARN] [LUMA FLOW] Активный чат не выбран. Режим прослушивания фонового сокет-потока.
[2026-05-30T14:17:42.112Z] [LOG] [LUMA SOCKET] Протокол полностью согласован. Активация передачи данных.
[2026-05-30T14:17:42.113Z] [LOG] [LUMA SOCKET] Нативный WebSocket-канал успешно open.
[2026-05-30T14:17:53.991Z] [LOG] [Luma DB] Локальная база IndexedDB успешно инициализирована.
[2026-05-30T14:17:53.991Z] [LOG] [LUMA ENGINE] Запуск главного конвейера инициализации...
[2026-05-30T14:17:53.995Z] [WARN] [LUMA FLOW] Активный чат не выбран. Режим прослушивания фонового сокет-потока.
[2026-05-30T14:17:53.993Z] [LOG] [LUMA SOCKET] Запуск нативного WebSocket транспорта...
[2026-05-30T14:17:53.993Z] [LOG] [LUMA WS] Открытие WebSocket канала: ws://localhost:5000/socket.io/?EIO=4&transport=websocket
[2026-05-30T14:17:54.751Z] [LOG] [Luma DB] Локальная база IndexedDB успешно инициализирована.
[2026-05-30T14:17:54.751Z] [LOG] [LUMA ENGINE] Запуск главного конвейера инициализации...
[2026-05-30T14:17:54.753Z] [LOG] [LUMA SOCKET] Запуск нативного WebSocket транспорта...
[2026-05-30T14:17:54.753Z] [LOG] [LUMA WS] Открытие WebSocket канала: ws://localhost:5000/socket.io/?EIO=4&transport=websocket
[2026-05-30T14:17:54.754Z] [WARN] [LUMA FLOW] Активный чат не выбран. Режим прослушивания фонового сокет-потока.
[2026-05-30T14:17:55.155Z] [LOG] [LUMA SOCKET] Протокол полностью согласован. Активация передачи данных.
[2026-05-30T14:17:55.155Z] [LOG] [LUMA SOCKET] Нативный WebSocket-канал успешно open.
[2026-05-30T14:19:07.635Z] [LOG] [LUMA SOCKET] Запуск нативного WebSocket транспорта...
[2026-05-30T14:19:07.636Z] [LOG] [LUMA WS] Открытие WebSocket канала: ws://localhost:5000/socket.io/?EIO=4&transport=websocket
[2026-05-30T14:19:07.637Z] [WARN] [LUMA FLOW] Активный чат не выбран. Режим прослушивания фонового сокет-потока.
[2026-05-30T14:19:07.634Z] [LOG] [Luma DB] Локальная база IndexedDB успешно инициализирована.
[2026-05-30T14:19:07.634Z] [LOG] [LUMA ENGINE] Запуск главного конвейера инициализации...
[2026-05-30T14:19:08.067Z] [LOG] [LUMA SOCKET] Протокол полностью согласован. Активация передачи данных.
[2026-05-30T14:19:08.067Z] [LOG] [LUMA SOCKET] Нативный WebSocket-канал успешно open.
[2026-05-30T14:19:09.468Z] [LOG] [Luma DB] Локальная база IndexedDB успешно инициализирована.
[2026-05-30T14:19:09.468Z] [LOG] [LUMA ENGINE] Запуск главного конвейера инициализации...
[2026-05-30T14:19:09.470Z] [LOG] [LUMA SOCKET] Запуск нативного WebSocket транспорта...
[2026-05-30T14:19:09.470Z] [LOG] [LUMA WS] Открытие WebSocket канала: ws://localhost:5000/socket.io/?EIO=4&transport=websocket
[2026-05-30T14:19:09.471Z] [WARN] [LUMA FLOW] Активный чат не выбран. Режим прослушивания фонового сокет-потока.
[2026-05-30T14:19:09.847Z] [LOG] [LUMA SOCKET] Протокол полностью согласован. Активация передачи данных.
[2026-05-30T14:19:09.847Z] [LOG] [LUMA SOCKET] Нативный WebSocket-канал успешно open.
[2026-05-30T14:19:12.652Z] [LOG] [Luma DB] Локальная база IndexedDB успешно инициализирована.
[2026-05-30T14:19:12.652Z] [LOG] [LUMA ENGINE] Запуск главного конвейера инициализации...
[2026-05-30T14:19:12.655Z] [WARN] [LUMA FLOW] Активный чат не выбран. Режим прослушивания фонового сокет-потока.
[2026-05-30T14:19:12.654Z] [LOG] [LUMA SOCKET] Запуск нативного WebSocket транспорта...
[2026-05-30T14:19:12.654Z] [LOG] [LUMA WS] Открытие WebSocket канала: ws://localhost:5000/socket.io/?EIO=4&transport=websocket
[2026-05-30T14:19:13.021Z] [LOG] [LUMA SOCKET] Протокол полностью согласован. Активация передачи данных.
[2026-05-30T14:19:13.022Z] [LOG] [LUMA SOCKET] Нативный WebSocket-канал успешно open.
[2026-05-30T14:19:16.236Z] [LOG] [Luma DB] Локальная база IndexedDB успешно инициализирована.
[2026-05-30T14:19:16.236Z] [LOG] [LUMA ENGINE] Запуск главного конвейера инициализации...
[2026-05-30T14:19:16.239Z] [LOG] [LUMA SOCKET] Запуск нативного WebSocket транспорта...
[2026-05-30T14:19:16.239Z] [LOG] [LUMA WS] Открытие WebSocket канала: ws://localhost:5000/socket.io/?EIO=4&transport=websocket
[2026-05-30T14:19:16.240Z] [WARN] [LUMA FLOW] Активный чат не выбран. Режим прослушивания фонового сокет-потока.
[2026-05-30T14:19:16.627Z] [LOG] [LUMA SOCKET] Протокол полностью согласован. Активация передачи данных.
[2026-05-30T14:19:16.627Z] [LOG] [LUMA SOCKET] Нативный WebSocket-канал успешно open.
[2026-05-30T14:36:10.911Z] [LOG] [LUMA SOCKET] Запуск нативного WebSocket транспорта...
[2026-05-30T14:36:10.912Z] [LOG] [LUMA WS] Открытие WebSocket канала: ws://localhost:5000/socket.io/?EIO=4&transport=websocket
[2026-05-30T14:36:10.907Z] [LOG] [Luma DB] Локальная база IndexedDB успешно инициализирована.
[2026-05-30T14:36:10.907Z] [LOG] [LUMA ENGINE] Запуск главного конвейера инициализации...
[2026-05-30T14:36:10.923Z] [WARN] [LUMA FLOW] Активный чат не выбран. Режим прослушивания фонового сокет-потока.
[2026-05-30T14:36:11.394Z] [LOG] [LUMA SOCKET] Протокол полностью согласован. Активация передачи данных.
[2026-05-30T14:36:11.394Z] [LOG] [LUMA SOCKET] Нативный WebSocket-канал успешно open.
[2026-05-30T15:04:07.928Z] [LOG] [LUMA SOCKET] Запуск нативного WebSocket транспорта...
[2026-05-30T15:04:07.940Z] [LOG] [LUMA WS] Открытие WebSocket канала: ws://localhost:5000/socket.io/?EIO=4&transport=websocket
[2026-05-30T15:04:07.920Z] [LOG] [Luma DB] Локальная база IndexedDB успешно инициализирована.
[2026-05-30T15:04:07.920Z] [LOG] [LUMA ENGINE] Запуск главного конвейера инициализации...
[2026-05-30T15:04:07.948Z] [WARN] [LUMA FLOW] Активный чат не выбран. Режим прослушивания фонового сокет-потока.
[2026-05-30T15:04:08.457Z] [LOG] [LUMA SOCKET] Протокол полностью согласован. Активация передачи данных.
[2026-05-30T15:04:08.457Z] [LOG] [LUMA SOCKET] Нативный WebSocket-канал успешно open.
[2026-05-31T02:01:52.362Z] [LOG] [Luma DB] Локальная база IndexedDB успешно инициализирована.
[2026-05-31T02:01:52.362Z] [LOG] [LUMA ENGINE] Запуск главного конвейера инициализации...
[2026-05-31T02:01:52.363Z] [LOG] [LUMA SOCKET] Запуск нативного WebSocket транспорта...
[2026-05-31T02:01:52.363Z] [LOG] [LUMA WS] Открытие WebSocket канала: ws://127.0.0.1:5000/socket.io/?EIO=4&transport=websocket
[2026-05-31T02:01:52.364Z] [WARN] [LUMA FLOW] Активный чат не выбран. Режим прослушивания фонового сокет-потока.
[2026-05-31T02:01:52.521Z] [LOG] [LUMA SOCKET] Протокол полностью согласован. Активация передачи данных.
[2026-05-31T02:01:52.521Z] [LOG] [LUMA SOCKET] Нативный WebSocket-канал успешно open.
[2026-05-31T02:01:55.556Z] [LOG] [Luma DB] Локальная база IndexedDB успешно инициализирована.
[2026-05-31T02:01:55.556Z] [LOG] [LUMA ENGINE] Запуск главного конвейера инициализации...
[2026-05-31T02:01:55.556Z] [LOG] [LUMA SOCKET] Запуск нативного WebSocket транспорта...
[2026-05-31T02:01:55.557Z] [LOG] [LUMA WS] Открытие WebSocket канала: ws://127.0.0.1:5000/socket.io/?EIO=4&transport=websocket
[2026-05-31T02:01:55.558Z] [WARN] [LUMA FLOW] Активный чат не выбран. Режим прослушивания фонового сокет-потока.
[2026-05-31T02:01:55.853Z] [LOG] [LUMA SOCKET] Протокол полностью согласован. Активация передачи данных.
[2026-05-31T02:01:55.853Z] [LOG] [LUMA SOCKET] Нативный WebSocket-канал успешно open.
[2026-05-31T02:01:59.052Z] [LOG] [Luma DB] Локальная база IndexedDB успешно инициализирована.
[2026-05-31T02:01:59.052Z] [LOG] [LUMA ENGINE] Запуск главного конвейера инициализации...
[2026-05-31T02:01:59.053Z] [LOG] [LUMA SOCKET] Запуск нативного WebSocket транспорта...
[2026-05-31T02:01:59.053Z] [LOG] [LUMA WS] Открытие WebSocket канала: ws://127.0.0.1:5000/socket.io/?EIO=4&transport=websocket
[2026-05-31T02:01:59.055Z] [WARN] [LUMA FLOW] Активный чат не выбран. Режим прослушивания фонового сокет-потока.
[2026-05-31T02:01:59.572Z] [LOG] [LUMA SOCKET] Протокол полностью согласован. Активация передачи данных.
[2026-05-31T02:01:59.572Z] [LOG] [LUMA SOCKET] Нативный WebSocket-канал успешно open.
[2026-05-31T02:02:06.711Z] [LOG] [Luma DB] Локальная база IndexedDB успешно инициализирована.
[2026-05-31T02:02:06.711Z] [LOG] [LUMA ENGINE] Запуск главного конвейера инициализации...
[2026-05-31T02:02:06.712Z] [LOG] [LUMA SOCKET] Запуск нативного WebSocket транспорта...
[2026-05-31T02:02:06.712Z] [LOG] [LUMA WS] Открытие WebSocket канала: ws://127.0.0.1:5000/socket.io/?EIO=4&transport=websocket
[2026-05-31T02:02:06.713Z] [WARN] [LUMA FLOW] Активный чат не выбран. Режим прослушивания фонового сокет-потока.
[2026-05-31T02:02:06.849Z] [LOG] [LUMA SOCKET] Протокол полностью согласован. Активация передачи данных.
[2026-05-31T02:02:06.849Z] [LOG] [LUMA SOCKET] Нативный WebSocket-канал успешно open.
[2026-05-31T02:02:11.312Z] [LOG] [Luma DB] Локальная база IndexedDB успешно инициализирована.
[2026-05-31T02:02:11.312Z] [LOG] [LUMA ENGINE] Запуск главного конвейера инициализации...
[2026-05-31T02:02:11.313Z] [LOG] [LUMA SOCKET] Запуск нативного WebSocket транспорта...
[2026-05-31T02:02:11.313Z] [LOG] [LUMA WS] Открытие WebSocket канала: ws://127.0.0.1:5000/socket.io/?EIO=4&transport=websocket
[2026-05-31T02:02:11.314Z] [WARN] [LUMA FLOW] Активный чат не выбран. Режим прослушивания фонового сокет-потока.
[2026-05-31T02:02:11.588Z] [LOG] [LUMA SOCKET] Протокол полностью согласован. Активация передачи данных.
[2026-05-31T02:02:11.588Z] [LOG] [LUMA SOCKET] Нативный WebSocket-канал успешно open.
[2026-05-31T02:05:44.417Z] [LOG] [LUMA SOCKET] Запуск нативного WebSocket транспорта...
[2026-05-31T02:05:44.417Z] [LOG] [LUMA WS] Открытие WebSocket канала: ws://127.0.0.1:5000/socket.io/?EIO=4&transport=websocket
[2026-05-31T02:05:44.415Z] [LOG] [Luma DB] Локальная база IndexedDB успешно инициализирована.
[2026-05-31T02:05:44.416Z] [LOG] [LUMA ENGINE] Запуск главного конвейера инициализации...
[2026-05-31T02:05:44.419Z] [WARN] [LUMA FLOW] Активный чат не выбран. Режим прослушивания фонового сокет-потока.
[2026-05-31T02:05:44.689Z] [LOG] [LUMA SOCKET] Протокол полностью согласован. Активация передачи данных.
[2026-05-31T02:05:44.689Z] [LOG] [LUMA SOCKET] Нативный WebSocket-канал успешно open.
[2026-05-31T02:06:16.988Z] [LOG] [Luma DB] Локальная база IndexedDB успешно инициализирована.
[2026-05-31T02:06:16.989Z] [LOG] [LUMA ENGINE] Запуск главного конвейера инициализации...
[2026-05-31T02:06:16.989Z] [LOG] [LUMA SOCKET] Запуск нативного WebSocket транспорта...
[2026-05-31T02:06:16.990Z] [LOG] [LUMA WS] Открытие WebSocket канала: ws://127.0.0.1:5000/socket.io/?EIO=4&transport=websocket
[2026-05-31T02:06:16.990Z] [WARN] [LUMA FLOW] Активный чат не выбран. Режим прослушивания фонового сокет-потока.
[2026-05-31T02:06:17.208Z] [LOG] [LUMA SOCKET] Протокол полностью согласован. Активация передачи данных.
[2026-05-31T02:06:17.208Z] [LOG] [LUMA SOCKET] Нативный WebSocket-канал успешно open.
